[32mINFO[0m:     [30-09-2024 21:17:14] Set chroma_server_nofile to 65535
[32mINFO[0m:     [30-09-2024 21:17:14] Anonymized telemetry enabled. See                     https://docs.trychroma.com/telemetry for more information.
[36mDEBUG[0m:    [30-09-2024 21:17:14] Starting component System
[36mDEBUG[0m:    [30-09-2024 21:17:14] Starting component OpenTelemetryClient
[36mDEBUG[0m:    [30-09-2024 21:17:14] Starting component SqliteDB
[36mDEBUG[0m:    [30-09-2024 21:17:15] Starting component QuotaEnforcer
[36mDEBUG[0m:    [30-09-2024 21:17:15] Starting component Posthog
[36mDEBUG[0m:    [30-09-2024 21:17:15] Starting component LocalSegmentManager
[36mDEBUG[0m:    [30-09-2024 21:17:15] Starting component SegmentAPI
[32mINFO[0m:     [30-09-2024 21:17:15] Started server process [[36m74337[0m]
[32mINFO[0m:     [30-09-2024 21:17:15] Waiting for application startup.
[32mINFO[0m:     [30-09-2024 21:17:15] Application startup complete.
[32mINFO[0m:     [30-09-2024 21:17:15] Uvicorn running on [1mhttp://localhost:8000[0m (Press CTRL+C to quit)
[32mINFO[0m:     [02-10-2024 00:13:02] Set chroma_server_nofile to 65535
[32mINFO[0m:     [02-10-2024 00:13:02] Anonymized telemetry enabled. See                     https://docs.trychroma.com/telemetry for more information.
[36mDEBUG[0m:    [02-10-2024 00:13:02] Starting component System
[36mDEBUG[0m:    [02-10-2024 00:13:02] Starting component OpenTelemetryClient
[36mDEBUG[0m:    [02-10-2024 00:13:02] Starting component SqliteDB
[36mDEBUG[0m:    [02-10-2024 00:13:02] Starting component QuotaEnforcer
[36mDEBUG[0m:    [02-10-2024 00:13:02] Starting component Posthog
[36mDEBUG[0m:    [02-10-2024 00:13:02] Starting component LocalSegmentManager
[36mDEBUG[0m:    [02-10-2024 00:13:02] Starting component SegmentAPI
[32mINFO[0m:     [02-10-2024 00:13:02] Started server process [[36m87431[0m]
[32mINFO[0m:     [02-10-2024 00:13:02] Waiting for application startup.
[32mINFO[0m:     [02-10-2024 00:13:02] Application startup complete.
[32mINFO[0m:     [02-10-2024 00:13:02] Uvicorn running on [1mhttp://localhost:8000[0m (Press CTRL+C to quit)
[32mINFO[0m:     [02-10-2024 00:14:12] Shutting down
[32mINFO[0m:     [02-10-2024 00:14:12] Waiting for application shutdown.
[36mDEBUG[0m:    [02-10-2024 00:14:12] Stopping component System
[36mDEBUG[0m:    [02-10-2024 00:14:12] Stopping component SegmentAPI
[36mDEBUG[0m:    [02-10-2024 00:14:12] Stopping component LocalSegmentManager
[36mDEBUG[0m:    [02-10-2024 00:14:12] Stopping component Posthog
[36mDEBUG[0m:    [02-10-2024 00:14:12] Stopping component QuotaEnforcer
[36mDEBUG[0m:    [02-10-2024 00:14:12] Stopping component SqliteDB
[36mDEBUG[0m:    [02-10-2024 00:14:12] Stopping component OpenTelemetryClient
[32mINFO[0m:     [02-10-2024 00:14:12] Application shutdown complete.
[32mINFO[0m:     [02-10-2024 00:14:12] Finished server process [[36m87431[0m]
